<?xml version="1.0" encoding="UTF-8"?>
<!-- Generated by org.testng.reporters.JUnitXMLReporter -->
<testsuite hostname="Akhlesh" ignored="0" name="Default test" tests="3" failures="0" timestamp="11 Jun 2020 06:19:02 GMT" time="61.189" errors="0">
  <testcase name="SignUp" time="10.957" classname="ecom.testcases.Flow"/>
  <testcase name="signInPage" time="3.522" classname="ecom.testcases.Flow"/>
  <testcase name="WomenDress" time="25.932" classname="ecom.testcases.Flow"/>
</testsuite> <!-- Default test -->
